--------------------------------------------------------------
Date : vendredi 7 décembre 2012, 01:32:09 (UTC+0100)
Source directory : 
Destination directory : 
--------------------------------------------------------------

Variables DIRPATH_SRC and DIRPATH_DST are not initialized

--------------------------------------------------------------
Date : vendredi 7 décembre 2012, 01:32:15 (UTC+0100)
Source directory : tests/src
Destination directory : 
--------------------------------------------------------------

Variables DIRPATH_SRC and DIRPATH_DST are not initialized

--------------------------------------------------------------
Date : vendredi 7 décembre 2012, 01:32:21 (UTC+0100)
Source directory : tests/src
Destination directory : tests/dst
--------------------------------------------------------------

Checking diff.........................................................IDENT

Files "tests/src/file1" and "tests/dst/file1" are identical

********************************************************************************

Checking diff.........................................................IDENT

Files "tests/src/file2" and "tests/dst/file2" are identical

********************************************************************************

Checking diff.........................................................IDENT

Files "tests/src/file3" and "tests/dst/file3" are identical

********************************************************************************

Checking diff.........................................................IDENT

Files "tests/src/log.txt" and "tests/dst/log.txt" are identical

********************************************************************************

Checking rights.......................................................IDENT

Checking user.........................................................IDENT

Checking group........................................................IDENT

Directories "tests/src/rep1" and "tests/dst/rep1" are identical

********************************************************************************

Checking rights.......................................................IDENT

Checking user.........................................................IDENT

Checking group........................................................IDENT

Directories "tests/src/rep1/rep11" and "tests/dst/rep1/rep11" are identical

********************************************************************************

Checking diff.........................................................IDENT

Files "tests/src/rep1/rep11/file1" and "tests/dst/rep1/rep11/file1" are identical

********************************************************************************

Checking rights.......................................................IDENT

Checking user.........................................................IDENT

Checking group........................................................IDENT

Directories "tests/src/rep1/rep11/rep111" and "tests/dst/rep1/rep11/rep111" are identical

********************************************************************************

Checking diff.........................................................IDENT

Files "tests/src/rep1/rep11/rep111/file1" and "tests/dst/rep1/rep11/rep111/file1" are identical

********************************************************************************

Checking rights.......................................................IDENT

Checking user.........................................................IDENT

Checking group........................................................IDENT

Directories "tests/src/rep2" and "tests/dst/rep2" are identical

********************************************************************************

Checking rights.......................................................IDENT

Checking user.........................................................IDENT

Checking group........................................................IDENT

Directories "tests/src/rep2/rep22" and "tests/dst/rep2/rep22" are identical

********************************************************************************

Checking diff.........................................................IDENT

Files "tests/src/rep2/rep22/file1" and "tests/dst/rep2/rep22/file1" are identical

********************************************************************************

Checking rights.......................................................IDENT

Checking user.........................................................IDENT

Checking group........................................................IDENT

Directories "tests/src/rep3" and "tests/dst/rep3" are identical

********************************************************************************

Checking diff.........................................................IDENT

Files "tests/src/rep3/file1" and "tests/dst/rep3/file1" are identical

********************************************************************************

Checking rights.......................................................IDENT

Checking user.........................................................IDENT

Checking group........................................................IDENT

Directories "tests/src/rep3/rep31" and "tests/dst/rep3/rep31" are identical

********************************************************************************

Checking diff.........................................................IDENT

Files "tests/src/rep3/rep31/file1" and "tests/dst/rep3/rep31/file1" are identical

********************************************************************************

Checking diff.........................................................IDENT

Files "tests/src/test.txt" and "tests/dst/test.txt" are identical

********************************************************************************

--------------------------------------------------------------
Date : vendredi 7 décembre 2012, 01:32:40 (UTC+0100)
Source directory : tests/src
Destination directory : tests/dst
--------------------------------------------------------------

Checking diff.........................................................IDENT

Files "tests/src/file1" and "tests/dst/file1" are identical

********************************************************************************

Checking diff.........................................................IDENT

Files "tests/src/file2" and "tests/dst/file2" are identical

********************************************************************************

Checking diff.........................................................IDENT

Files "tests/src/file3" and "tests/dst/file3" are identical

********************************************************************************

Checking diff.........................................................IDENT

Files "tests/src/log.txt" and "tests/dst/log.txt" are identical

********************************************************************************

Checking rights.......................................................IDENT

Checking user.........................................................IDENT

Checking group........................................................IDENT

Directories "tests/src/rep1" and "tests/dst/rep1" are identical

********************************************************************************

Checking rights.......................................................IDENT

Checking user.........................................................IDENT

Checking group........................................................IDENT

Directories "tests/src/rep1/rep11" and "tests/dst/rep1/rep11" are identical

********************************************************************************

Checking diff.........................................................IDENT

Files "tests/src/rep1/rep11/file1" and "tests/dst/rep1/rep11/file1" are identical

********************************************************************************

Checking rights.......................................................IDENT

Checking user.........................................................IDENT

Checking group........................................................IDENT

Directories "tests/src/rep1/rep11/rep111" and "tests/dst/rep1/rep11/rep111" are identical

********************************************************************************

Checking diff.........................................................IDENT

Files "tests/src/rep1/rep11/rep111/file1" and "tests/dst/rep1/rep11/rep111/file1" are identical

********************************************************************************

Checking rights.......................................................IDENT

Checking user.........................................................IDENT

Checking group........................................................IDENT

Directories "tests/src/rep2" and "tests/dst/rep2" are identical

********************************************************************************

Checking rights.......................................................IDENT

Checking user.........................................................IDENT

Checking group........................................................IDENT

Directories "tests/src/rep2/rep22" and "tests/dst/rep2/rep22" are identical

********************************************************************************

Checking diff.........................................................IDENT

Files "tests/src/rep2/rep22/file1" and "tests/dst/rep2/rep22/file1" are identical

********************************************************************************

Checking rights.......................................................IDENT

Checking user.........................................................IDENT

Checking group........................................................IDENT

Directories "tests/src/rep3" and "tests/dst/rep3" are identical

********************************************************************************

Checking diff.........................................................IDENT

Files "tests/src/rep3/file1" and "tests/dst/rep3/file1" are identical

********************************************************************************

Checking rights.......................................................IDENT

Checking user.........................................................IDENT

Checking group........................................................IDENT

Directories "tests/src/rep3/rep31" and "tests/dst/rep3/rep31" are identical

********************************************************************************

Checking diff.........................................................IDENT

Files "tests/src/rep3/rep31/file1" and "tests/dst/rep3/rep31/file1" are identical

********************************************************************************

Checking diff.........................................................IDENT

Files "tests/src/test.txt" and "tests/dst/test.txt" are identical

********************************************************************************

--------------------------------------------------------------
Date : vendredi 7 décembre 2012, 01:34:47 (UTC+0100)
Source directory : tests/src
Destination directory : tests/dst
--------------------------------------------------------------

Checking diff.........................................................IDENT

Files "tests/src/file1" and "tests/dst/file1" are identical

********************************************************************************

Checking diff.........................................................IDENT

Files "tests/src/file2" and "tests/dst/file2" are identical

********************************************************************************

Checking diff.........................................................IDENT

Files "tests/src/file3" and "tests/dst/file3" are identical

********************************************************************************

Checking diff.........................................................IDENT

Files "tests/src/log.txt" and "tests/dst/log.txt" are identical

********************************************************************************

Checking rights.......................................................IDENT

Checking user.........................................................IDENT

Checking group........................................................IDENT

Directories "tests/src/rep1" and "tests/dst/rep1" are identical

********************************************************************************

Checking rights.......................................................IDENT

Checking user.........................................................IDENT

Checking group........................................................IDENT

Directories "tests/src/rep1/rep11" and "tests/dst/rep1/rep11" are identical

********************************************************************************

Checking diff.........................................................IDENT

Files "tests/src/rep1/rep11/file1" and "tests/dst/rep1/rep11/file1" are identical

********************************************************************************

Checking rights.......................................................IDENT

Checking user.........................................................IDENT

Checking group........................................................IDENT

Directories "tests/src/rep1/rep11/rep111" and "tests/dst/rep1/rep11/rep111" are identical

********************************************************************************

Checking diff.........................................................IDENT

Files "tests/src/rep1/rep11/rep111/file1" and "tests/dst/rep1/rep11/rep111/file1" are identical

********************************************************************************

Checking rights.......................................................IDENT

Checking user.........................................................IDENT

Checking group........................................................IDENT

Directories "tests/src/rep2" and "tests/dst/rep2" are identical

********************************************************************************

Checking rights.......................................................IDENT

Checking user.........................................................IDENT

Checking group........................................................IDENT

Directories "tests/src/rep2/rep22" and "tests/dst/rep2/rep22" are identical

********************************************************************************

Checking diff.........................................................IDENT

Files "tests/src/rep2/rep22/file1" and "tests/dst/rep2/rep22/file1" are identical

********************************************************************************

Checking rights.......................................................IDENT

Checking user.........................................................IDENT

Checking group........................................................IDENT

Directories "tests/src/rep3" and "tests/dst/rep3" are identical

********************************************************************************

Checking diff.........................................................IDENT

Files "tests/src/rep3/file1" and "tests/dst/rep3/file1" are identical

********************************************************************************

Checking rights.......................................................IDENT

Checking user.........................................................IDENT

Checking group........................................................IDENT

Directories "tests/src/rep3/rep31" and "tests/dst/rep3/rep31" are identical

********************************************************************************

Checking diff.........................................................IDENT

Files "tests/src/rep3/rep31/file1" and "tests/dst/rep3/rep31/file1" are identical

********************************************************************************

Checking diff.........................................................IDENT

Files "tests/src/test.txt" and "tests/dst/test.txt" are identical

********************************************************************************

--------------------------------------------------------------
Date : vendredi 7 décembre 2012, 01:34:59 (UTC+0100)
Source directory : tests/src
Destination directory : tests/dst
--------------------------------------------------------------

Checking diff.........................................................IDENT

Files "tests/src/file1" and "tests/dst/file1" are identical

********************************************************************************

Checking diff.........................................................IDENT

Files "tests/src/file2" and "tests/dst/file2" are identical

********************************************************************************

Checking diff.........................................................IDENT

Files "tests/src/file3" and "tests/dst/file3" are identical

********************************************************************************

Checking diff.........................................................IDENT

Files "tests/src/log.txt" and "tests/dst/log.txt" are identical

********************************************************************************

Checking rights.......................................................IDENT

Checking user.........................................................IDENT

Checking group........................................................IDENT

Directories "tests/src/rep1" and "tests/dst/rep1" are identical

********************************************************************************

Checking rights.......................................................IDENT

Checking user.........................................................IDENT

Checking group........................................................IDENT

Directories "tests/src/rep1/rep11" and "tests/dst/rep1/rep11" are identical

********************************************************************************

Checking diff.........................................................IDENT

Files "tests/src/rep1/rep11/file1" and "tests/dst/rep1/rep11/file1" are identical

********************************************************************************

Checking rights.......................................................IDENT

Checking user.........................................................IDENT

Checking group........................................................IDENT

Directories "tests/src/rep1/rep11/rep111" and "tests/dst/rep1/rep11/rep111" are identical

********************************************************************************

Checking diff.........................................................IDENT

Files "tests/src/rep1/rep11/rep111/file1" and "tests/dst/rep1/rep11/rep111/file1" are identical

********************************************************************************

Checking rights.......................................................IDENT

Checking user.........................................................IDENT

Checking group........................................................IDENT

Directories "tests/src/rep2" and "tests/dst/rep2" are identical

********************************************************************************

Checking rights.......................................................IDENT

Checking user.........................................................IDENT

Checking group........................................................IDENT

Directories "tests/src/rep2/rep22" and "tests/dst/rep2/rep22" are identical

********************************************************************************

Checking diff.........................................................IDENT

Files "tests/src/rep2/rep22/file1" and "tests/dst/rep2/rep22/file1" are identical

********************************************************************************

Checking rights.......................................................IDENT

Checking user.........................................................IDENT

Checking group........................................................IDENT

Directories "tests/src/rep3" and "tests/dst/rep3" are identical

********************************************************************************

Checking diff.........................................................IDENT

Files "tests/src/rep3/file1" and "tests/dst/rep3/file1" are identical

********************************************************************************

Checking rights.......................................................IDENT

Checking user.........................................................IDENT

Checking group........................................................IDENT

Directories "tests/src/rep3/rep31" and "tests/dst/rep3/rep31" are identical

********************************************************************************

Checking diff.........................................................IDENT

Files "tests/src/rep3/rep31/file1" and "tests/dst/rep3/rep31/file1" are identical

********************************************************************************

Checking diff.........................................................IDENT

Files "tests/src/test.txt" and "tests/dst/test.txt" are identical

********************************************************************************

--------------------------------------------------------------
Date : vendredi 7 décembre 2012, 01:35:04 (UTC+0100)
Source directory : tests/src
Destination directory : tests/dst
--------------------------------------------------------------

Checking diff.........................................................IDENT

Checking md5..........................................................IDENT

Checking rights.......................................................IDENT

Checking user.........................................................IDENT

Checking group........................................................IDENT

Checking date.........................................................IDENT

Files "tests/src/file1" and "tests/dst/file1" are identical

********************************************************************************

Checking diff.........................................................IDENT

Checking md5..........................................................IDENT

Checking rights.......................................................IDENT

Checking user.........................................................IDENT

Checking group........................................................IDENT

Checking date.........................................................IDENT

Files "tests/src/file2" and "tests/dst/file2" are identical

********************************************************************************

Checking diff.........................................................IDENT

Checking md5..........................................................IDENT

Checking rights.......................................................IDENT

Checking user.........................................................IDENT

Checking group........................................................IDENT

Checking date.........................................................IDENT

Files "tests/src/file3" and "tests/dst/file3" are identical

********************************************************************************

Checking diff.........................................................IDENT

Checking md5..........................................................IDENT

Checking rights.......................................................IDENT

Checking user.........................................................IDENT

Checking group........................................................IDENT

Checking date.........................................................IDENT

Files "tests/src/log.txt" and "tests/dst/log.txt" are identical

********************************************************************************

Checking rights.......................................................IDENT

Checking user.........................................................IDENT

Checking group........................................................IDENT

Directories "tests/src/rep1" and "tests/dst/rep1" are identical

********************************************************************************

Checking rights.......................................................IDENT

Checking user.........................................................IDENT

Checking group........................................................IDENT

Directories "tests/src/rep1/rep11" and "tests/dst/rep1/rep11" are identical

********************************************************************************

Checking diff.........................................................IDENT

Checking md5..........................................................IDENT

Checking rights.......................................................IDENT

Checking user.........................................................IDENT

Checking group........................................................IDENT

Checking date.........................................................IDENT

Files "tests/src/rep1/rep11/file1" and "tests/dst/rep1/rep11/file1" are identical

********************************************************************************

Checking rights.......................................................IDENT

Checking user.........................................................IDENT

Checking group........................................................IDENT

Directories "tests/src/rep1/rep11/rep111" and "tests/dst/rep1/rep11/rep111" are identical

********************************************************************************

Checking diff.........................................................IDENT

Checking md5..........................................................IDENT

Checking rights.......................................................IDENT

Checking user.........................................................IDENT

Checking group........................................................IDENT

Checking date.........................................................IDENT

Files "tests/src/rep1/rep11/rep111/file1" and "tests/dst/rep1/rep11/rep111/file1" are identical

********************************************************************************

Checking rights.......................................................IDENT

Checking user.........................................................IDENT

Checking group........................................................IDENT

Directories "tests/src/rep2" and "tests/dst/rep2" are identical

********************************************************************************

Checking rights.......................................................IDENT

Checking user.........................................................IDENT

Checking group........................................................IDENT

Directories "tests/src/rep2/rep22" and "tests/dst/rep2/rep22" are identical

********************************************************************************

Checking diff.........................................................IDENT

Checking md5..........................................................IDENT

Checking rights.......................................................IDENT

Checking user.........................................................IDENT

Checking group........................................................IDENT

Checking date.........................................................IDENT

Files "tests/src/rep2/rep22/file1" and "tests/dst/rep2/rep22/file1" are identical

********************************************************************************

Checking rights.......................................................IDENT

Checking user.........................................................IDENT

Checking group........................................................IDENT

Directories "tests/src/rep3" and "tests/dst/rep3" are identical

********************************************************************************

Checking diff.........................................................IDENT

Checking md5..........................................................IDENT

Checking rights.......................................................IDENT

Checking user.........................................................IDENT

Checking group........................................................IDENT

Checking date.........................................................IDENT

Files "tests/src/rep3/file1" and "tests/dst/rep3/file1" are identical

********************************************************************************

Checking rights.......................................................IDENT

Checking user.........................................................IDENT

Checking group........................................................IDENT

Directories "tests/src/rep3/rep31" and "tests/dst/rep3/rep31" are identical

********************************************************************************

Checking diff.........................................................IDENT

Checking md5..........................................................IDENT

Checking rights.......................................................IDENT

Checking user.........................................................IDENT

Checking group........................................................IDENT

Checking date.........................................................IDENT

Files "tests/src/rep3/rep31/file1" and "tests/dst/rep3/rep31/file1" are identical

********************************************************************************

Checking diff.........................................................IDENT

Checking md5..........................................................IDENT

Checking rights.......................................................IDENT

Checking user.........................................................IDENT

Checking group........................................................IDENT

Checking date.........................................................IDENT

Files "tests/src/test.txt" and "tests/dst/test.txt" are identical

********************************************************************************

--------------------------------------------------------------
Date : vendredi 7 décembre 2012, 01:36:07 (UTC+0100)
Source directory : tests/src
Destination directory : tests/dst
--------------------------------------------------------------

Checking diff.........................................................IDENT

Checking md5..........................................................IDENT

Checking rights.......................................................IDENT

Checking user.........................................................IDENT

Checking group........................................................IDENT

Checking date.........................................................IDENT

Files "tests/src/file1" and "tests/dst/file1" are identical

********************************************************************************

Checking diff.........................................................IDENT

Checking md5..........................................................IDENT

Checking rights.......................................................IDENT

Checking user.........................................................IDENT

Checking group........................................................IDENT

Checking date.........................................................IDENT

Files "tests/src/file2" and "tests/dst/file2" are identical

********************************************************************************

Checking diff.........................................................IDENT

Checking md5..........................................................IDENT

Checking rights.......................................................IDENT

Checking user.........................................................IDENT

Checking group........................................................IDENT

Checking date.........................................................IDENT

Files "tests/src/file3" and "tests/dst/file3" are identical

********************************************************************************

Checking diff.........................................................IDENT

Checking md5..........................................................IDENT

Checking rights.......................................................IDENT

Checking user.........................................................IDENT

Checking group........................................................IDENT

Checking date.........................................................IDENT

Files "tests/src/log.txt" and "tests/dst/log.txt" are identical

********************************************************************************

Checking rights.......................................................IDENT

Checking user.........................................................IDENT

Checking group........................................................IDENT

Directories "tests/src/rep1" and "tests/dst/rep1" are identical

********************************************************************************

Checking rights.......................................................IDENT

Checking user.........................................................IDENT

Checking group........................................................IDENT

Directories "tests/src/rep1/rep11" and "tests/dst/rep1/rep11" are identical

********************************************************************************

Checking diff.........................................................IDENT

Checking md5..........................................................IDENT

Checking rights.......................................................IDENT

Checking user.........................................................IDENT

Checking group........................................................IDENT

Checking date.........................................................IDENT

Files "tests/src/rep1/rep11/file1" and "tests/dst/rep1/rep11/file1" are identical

********************************************************************************

Checking rights.......................................................IDENT

Checking user.........................................................IDENT

Checking group........................................................IDENT

Directories "tests/src/rep1/rep11/rep111" and "tests/dst/rep1/rep11/rep111" are identical

********************************************************************************

Checking diff.........................................................IDENT

Checking md5..........................................................IDENT

Checking rights.......................................................IDENT

Checking user.........................................................IDENT

Checking group........................................................IDENT

Checking date.........................................................IDENT

Files "tests/src/rep1/rep11/rep111/file1" and "tests/dst/rep1/rep11/rep111/file1" are identical

********************************************************************************

Checking rights.......................................................IDENT

Checking user.........................................................IDENT

Checking group........................................................IDENT

Directories "tests/src/rep2" and "tests/dst/rep2" are identical

********************************************************************************

Checking rights.......................................................IDENT

Checking user.........................................................IDENT

Checking group........................................................IDENT

Directories "tests/src/rep2/rep22" and "tests/dst/rep2/rep22" are identical

********************************************************************************

Checking diff.........................................................IDENT

Checking md5..........................................................IDENT

Checking rights.......................................................IDENT

Checking user.........................................................IDENT

Checking group........................................................IDENT

Checking date.........................................................IDENT

Files "tests/src/rep2/rep22/file1" and "tests/dst/rep2/rep22/file1" are identical

********************************************************************************

Checking rights.......................................................IDENT

Checking user.........................................................IDENT

Checking group........................................................IDENT

Directories "tests/src/rep3" and "tests/dst/rep3" are identical

********************************************************************************

Checking diff.........................................................IDENT

Checking md5..........................................................IDENT

Checking rights.......................................................IDENT

Checking user.........................................................IDENT

Checking group........................................................IDENT

Checking date.........................................................IDENT

Files "tests/src/rep3/file1" and "tests/dst/rep3/file1" are identical

********************************************************************************

Checking rights.......................................................IDENT

Checking user.........................................................IDENT

Checking group........................................................IDENT

Directories "tests/src/rep3/rep31" and "tests/dst/rep3/rep31" are identical

********************************************************************************

Checking diff.........................................................IDENT

Checking md5..........................................................IDENT

Checking rights.......................................................IDENT

Checking user.........................................................IDENT

Checking group........................................................IDENT

Checking date.........................................................IDENT

Files "tests/src/rep3/rep31/file1" and "tests/dst/rep3/rep31/file1" are identical

********************************************************************************

Checking diff.........................................................IDENT

Checking md5..........................................................IDENT

Checking rights.......................................................IDENT

Checking user.........................................................IDENT

Checking group........................................................IDENT

Checking date.........................................................IDENT

Files "tests/src/test.txt" and "tests/dst/test.txt" are identical

********************************************************************************

--------------------------------------------------------------
Date : vendredi 7 décembre 2012, 01:36:35 (UTC+0100)
Source directory : tests/src
Destination directory : tests/dst
--------------------------------------------------------------

Checking diff.........................................................IDENT

Checking md5..........................................................IDENT

Checking rights.......................................................IDENT

Checking user.........................................................IDENT

Checking group........................................................IDENT

Checking date.........................................................IDENT

Files "tests/src/file1" and "tests/dst/file1" are identical

********************************************************************************

Checking diff.........................................................IDENT

Checking md5..........................................................IDENT

Checking rights.......................................................IDENT

Checking user.........................................................IDENT

Checking group........................................................IDENT

Checking date.........................................................IDENT

Files "tests/src/file2" and "tests/dst/file2" are identical

********************************************************************************

Checking diff.........................................................IDENT

Checking md5..........................................................IDENT

Checking rights.......................................................IDENT

Checking user.........................................................IDENT

Checking group........................................................IDENT

Checking date.........................................................IDENT

Files "tests/src/file3" and "tests/dst/file3" are identical

********************************************************************************

Checking diff.........................................................IDENT

Checking md5..........................................................IDENT

Checking rights.......................................................IDENT

Checking user.........................................................IDENT

Checking group........................................................IDENT

Checking date.........................................................IDENT

Files "tests/src/log.txt" and "tests/dst/log.txt" are identical

********************************************************************************

Checking rights.......................................................IDENT

Checking user.........................................................IDENT

Checking group........................................................IDENT

Directories "tests/src/rep1" and "tests/dst/rep1" are identical

********************************************************************************

Checking rights.......................................................IDENT

Checking user.........................................................IDENT

Checking group........................................................IDENT

Directories "tests/src/rep1/rep11" and "tests/dst/rep1/rep11" are identical

********************************************************************************

Checking diff.........................................................IDENT

Checking md5..........................................................IDENT

Checking rights.......................................................IDENT

Checking user.........................................................IDENT

Checking group........................................................IDENT

Checking date.........................................................IDENT

Files "tests/src/rep1/rep11/file1" and "tests/dst/rep1/rep11/file1" are identical

********************************************************************************

Checking rights.......................................................IDENT

Checking user.........................................................IDENT

Checking group........................................................IDENT

Directories "tests/src/rep1/rep11/rep111" and "tests/dst/rep1/rep11/rep111" are identical

********************************************************************************

Checking diff.........................................................IDENT

Checking md5..........................................................IDENT

Checking rights.......................................................IDENT

Checking user.........................................................IDENT

Checking group........................................................IDENT

Checking date.........................................................IDENT

Files "tests/src/rep1/rep11/rep111/file1" and "tests/dst/rep1/rep11/rep111/file1" are identical

********************************************************************************

Checking rights.......................................................IDENT

Checking user.........................................................IDENT

Checking group........................................................IDENT

Directories "tests/src/rep2" and "tests/dst/rep2" are identical

********************************************************************************

Checking rights.......................................................IDENT

Checking user.........................................................IDENT

Checking group........................................................IDENT

Directories "tests/src/rep2/rep22" and "tests/dst/rep2/rep22" are identical

********************************************************************************

Checking diff.........................................................IDENT

Checking md5..........................................................IDENT

Checking rights.......................................................IDENT

Checking user.........................................................IDENT

Checking group........................................................IDENT

Checking date.........................................................IDENT

Files "tests/src/rep2/rep22/file1" and "tests/dst/rep2/rep22/file1" are identical

********************************************************************************

Checking rights.......................................................IDENT

Checking user.........................................................IDENT

Checking group........................................................IDENT

Directories "tests/src/rep3" and "tests/dst/rep3" are identical

********************************************************************************

Checking diff.........................................................IDENT

Checking md5..........................................................IDENT

Checking rights.......................................................IDENT

Checking user.........................................................IDENT

Checking group........................................................IDENT

Checking date.........................................................IDENT

Files "tests/src/rep3/file1" and "tests/dst/rep3/file1" are identical

********************************************************************************

Checking rights.......................................................IDENT

Checking user.........................................................IDENT

Checking group........................................................IDENT

Directories "tests/src/rep3/rep31" and "tests/dst/rep3/rep31" are identical

********************************************************************************

Checking diff.........................................................IDENT

Checking md5..........................................................IDENT

Checking rights.......................................................IDENT

Checking user.........................................................IDENT

Checking group........................................................IDENT

Checking date.........................................................IDENT

Files "tests/src/rep3/rep31/file1" and "tests/dst/rep3/rep31/file1" are identical

********************************************************************************

Checking diff.........................................................IDENT

Checking md5..........................................................IDENT

Checking rights.......................................................IDENT

Checking user.........................................................IDENT

Checking group........................................................IDENT

Checking date.........................................................IDENT

Files "tests/src/test.txt" and "tests/dst/test.txt" are identical

********************************************************************************

--------------------------------------------------------------
Date : vendredi 7 décembre 2012, 01:37:48 (UTC+0100)
Source directory : tests/src
Destination directory : tests/dst
--------------------------------------------------------------

Checking diff.........................................................IDENT

Checking md5..........................................................IDENT

Checking rights.......................................................IDENT

Checking user.........................................................IDENT

Checking group........................................................IDENT

2012-12-07 01:23:09.221230384 +0100 != 2007-10-12 14:16:43.000000000 +0200
Checking date.....................................................DIFFERENT

Files "tests/src/file1" and "tests/dst/file1" are different

********************************************************************************

Checking diff.........................................................IDENT

Checking md5..........................................................IDENT

Checking rights.......................................................IDENT

Checking user.........................................................IDENT

Checking group........................................................IDENT

2012-12-07 01:23:09.221230384 +0100 != 2007-10-15 16:23:08.000000000 +0200
Checking date.....................................................DIFFERENT

Files "tests/src/file2" and "tests/dst/file2" are different

********************************************************************************

3c3
< 		cccc
---
> 		cccccc
Checking diff.....................................................DIFFERENT

4d43255c6eef4a9777c556e70e0ff096 != 2e8b9531f74084ac466aadeb15845028
Checking md5......................................................DIFFERENT

Checking rights.......................................................IDENT

Checking user.........................................................IDENT

Checking group........................................................IDENT

2012-12-07 01:23:09.221230384 +0100 != 2007-10-15 16:22:04.000000000 +0200
Checking date.....................................................DIFFERENT

Files "tests/src/file3" and "tests/dst/file3" are different

********************************************************************************

Entity "tests/dst/log.txt" doesn't exist

Files "tests/src/log.txt" and "tests/dst/log.txt" are different

********************************************************************************

Checking rights.......................................................IDENT

Checking user.........................................................IDENT

Checking group........................................................IDENT

Directories "tests/src/rep1" and "tests/dst/rep1" are identical

********************************************************************************

Checking rights.......................................................IDENT

Checking user.........................................................IDENT

Checking group........................................................IDENT

Directories "tests/src/rep1/rep11" and "tests/dst/rep1/rep11" are identical

********************************************************************************

Checking diff.........................................................IDENT

Checking md5..........................................................IDENT

Checking rights.......................................................IDENT

Checking user.........................................................IDENT

Checking group........................................................IDENT

2012-12-07 01:23:09.221230384 +0100 != 2007-10-12 14:16:43.000000000 +0200
Checking date.....................................................DIFFERENT

Files "tests/src/rep1/rep11/file1" and "tests/dst/rep1/rep11/file1" are different

********************************************************************************

Checking rights.......................................................IDENT

Checking user.........................................................IDENT

Checking group........................................................IDENT

Directories "tests/src/rep1/rep11/rep111" and "tests/dst/rep1/rep11/rep111" are identical

********************************************************************************

Checking diff.........................................................IDENT

Checking md5..........................................................IDENT

Checking rights.......................................................IDENT

Checking user.........................................................IDENT

Checking group........................................................IDENT

2012-12-07 01:23:09.221230384 +0100 != 2007-10-12 14:16:43.000000000 +0200
Checking date.....................................................DIFFERENT

Files "tests/src/rep1/rep11/rep111/file1" and "tests/dst/rep1/rep11/rep111/file1" are different

********************************************************************************

Checking rights.......................................................IDENT

Checking user.........................................................IDENT

Checking group........................................................IDENT

Directories "tests/src/rep2" and "tests/dst/rep2" are identical

********************************************************************************

Checking rights.......................................................IDENT

Checking user.........................................................IDENT

Checking group........................................................IDENT

Directories "tests/src/rep2/rep22" and "tests/dst/rep2/rep22" are identical

********************************************************************************

Checking diff.........................................................IDENT

Checking md5..........................................................IDENT

755 != 455
Checking rights...................................................DIFFERENT

Checking user.........................................................IDENT

Checking group........................................................IDENT

2012-12-07 01:23:09.221230384 +0100 != 2007-10-12 14:16:43.000000000 +0200
Checking date.....................................................DIFFERENT

Files "tests/src/rep2/rep22/file1" and "tests/dst/rep2/rep22/file1" are different

********************************************************************************

755 != 711
Checking rights...................................................DIFFERENT

Checking user.........................................................IDENT

Checking group........................................................IDENT

Directories "tests/src/rep3" and "tests/dst/rep3" are different

********************************************************************************

Checking diff.........................................................IDENT

Checking md5..........................................................IDENT

Checking rights.......................................................IDENT

Checking user.........................................................IDENT

Checking group........................................................IDENT

2012-12-07 01:23:09.221230384 +0100 != 2007-10-12 14:16:43.000000000 +0200
Checking date.....................................................DIFFERENT

Files "tests/src/rep3/file1" and "tests/dst/rep3/file1" are different

********************************************************************************

Entity "tests/dst/rep3/rep31" doesn't exist

Directories "tests/src/rep3/rep31" and "tests/dst/rep3/rep31" are different

********************************************************************************

Entity "tests/dst/rep3/rep31/file1" doesn't exist

Files "tests/src/rep3/rep31/file1" and "tests/dst/rep3/rep31/file1" are different

********************************************************************************

Entity "tests/dst/test.txt" doesn't exist

Files "tests/src/test.txt" and "tests/dst/test.txt" are different

********************************************************************************

--------------------------------------------------------------
Date : vendredi 7 décembre 2012, 01:38:14 (UTC+0100)
Source directory : tests/src
Destination directory : tests/dst
--------------------------------------------------------------

Checking diff.........................................................IDENT

Checking md5..........................................................IDENT

Checking rights.......................................................IDENT

Checking user.........................................................IDENT

Checking group........................................................IDENT

2012-12-07 01:23:09.221230384 +0100 != 2007-10-12 14:16:43.000000000 +0200
Checking date.....................................................DIFFERENT

Files "tests/src/file1" and "tests/dst/file1" are different

********************************************************************************

Checking diff.........................................................IDENT

Checking md5..........................................................IDENT

Checking rights.......................................................IDENT

Checking user.........................................................IDENT

Checking group........................................................IDENT

2012-12-07 01:23:09.221230384 +0100 != 2007-10-15 16:23:08.000000000 +0200
Checking date.....................................................DIFFERENT

Files "tests/src/file2" and "tests/dst/file2" are different

********************************************************************************

3c3
< 		cccc
---
> 		cccccc
Checking diff.....................................................DIFFERENT

4d43255c6eef4a9777c556e70e0ff096 != 2e8b9531f74084ac466aadeb15845028
Checking md5......................................................DIFFERENT

Checking rights.......................................................IDENT

Checking user.........................................................IDENT

Checking group........................................................IDENT

2012-12-07 01:23:09.221230384 +0100 != 2007-10-15 16:22:04.000000000 +0200
Checking date.....................................................DIFFERENT

Files "tests/src/file3" and "tests/dst/file3" are different

********************************************************************************

Entity "tests/dst/log.txt" doesn't exist

Files "tests/src/log.txt" and "tests/dst/log.txt" are different

********************************************************************************

Checking rights.......................................................IDENT

Checking user.........................................................IDENT

Checking group........................................................IDENT

Directories "tests/src/rep1" and "tests/dst/rep1" are identical

********************************************************************************

Checking rights.......................................................IDENT

Checking user.........................................................IDENT

Checking group........................................................IDENT

Directories "tests/src/rep1/rep11" and "tests/dst/rep1/rep11" are identical

********************************************************************************

Checking diff.........................................................IDENT

Checking md5..........................................................IDENT

Checking rights.......................................................IDENT

Checking user.........................................................IDENT

Checking group........................................................IDENT

2012-12-07 01:23:09.221230384 +0100 != 2007-10-12 14:16:43.000000000 +0200
Checking date.....................................................DIFFERENT

Files "tests/src/rep1/rep11/file1" and "tests/dst/rep1/rep11/file1" are different

********************************************************************************

Checking rights.......................................................IDENT

Checking user.........................................................IDENT

Checking group........................................................IDENT

Directories "tests/src/rep1/rep11/rep111" and "tests/dst/rep1/rep11/rep111" are identical

********************************************************************************

Checking diff.........................................................IDENT

Checking md5..........................................................IDENT

Checking rights.......................................................IDENT

Checking user.........................................................IDENT

Checking group........................................................IDENT

2012-12-07 01:23:09.221230384 +0100 != 2007-10-12 14:16:43.000000000 +0200
Checking date.....................................................DIFFERENT

Files "tests/src/rep1/rep11/rep111/file1" and "tests/dst/rep1/rep11/rep111/file1" are different

********************************************************************************

Checking rights.......................................................IDENT

Checking user.........................................................IDENT

Checking group........................................................IDENT

Directories "tests/src/rep2" and "tests/dst/rep2" are identical

********************************************************************************

Checking rights.......................................................IDENT

Checking user.........................................................IDENT

Checking group........................................................IDENT

Directories "tests/src/rep2/rep22" and "tests/dst/rep2/rep22" are identical

********************************************************************************

Checking diff.........................................................IDENT

Checking md5..........................................................IDENT

755 != 455
Checking rights...................................................DIFFERENT

Checking user.........................................................IDENT

Checking group........................................................IDENT

2012-12-07 01:23:09.221230384 +0100 != 2007-10-12 14:16:43.000000000 +0200
Checking date.....................................................DIFFERENT

Files "tests/src/rep2/rep22/file1" and "tests/dst/rep2/rep22/file1" are different

********************************************************************************

755 != 711
Checking rights...................................................DIFFERENT

Checking user.........................................................IDENT

Checking group........................................................IDENT

Directories "tests/src/rep3" and "tests/dst/rep3" are different

********************************************************************************

Checking diff.........................................................IDENT

Checking md5..........................................................IDENT

Checking rights.......................................................IDENT

Checking user.........................................................IDENT

Checking group........................................................IDENT

2012-12-07 01:23:09.221230384 +0100 != 2007-10-12 14:16:43.000000000 +0200
Checking date.....................................................DIFFERENT

Files "tests/src/rep3/file1" and "tests/dst/rep3/file1" are different

********************************************************************************

Entity "tests/dst/rep3/rep31" doesn't exist

Directories "tests/src/rep3/rep31" and "tests/dst/rep3/rep31" are different

********************************************************************************

Entity "tests/dst/rep3/rep31/file1" doesn't exist

Files "tests/src/rep3/rep31/file1" and "tests/dst/rep3/rep31/file1" are different

********************************************************************************

Entity "tests/dst/test.txt" doesn't exist

Files "tests/src/test.txt" and "tests/dst/test.txt" are different

********************************************************************************

--------------------------------------------------------------
Date : vendredi 7 décembre 2012, 01:38:29 (UTC+0100)
Source directory : tests/src
Destination directory : tests/dst
--------------------------------------------------------------

Checking diff.........................................................IDENT

Checking md5..........................................................IDENT

Checking rights.......................................................IDENT

Checking user.........................................................IDENT

Checking group........................................................IDENT

Checking date.........................................................IDENT

Files "tests/src/file1" and "tests/dst/file1" are identical

********************************************************************************

Checking diff.........................................................IDENT

Checking md5..........................................................IDENT

Checking rights.......................................................IDENT

Checking user.........................................................IDENT

Checking group........................................................IDENT

Checking date.........................................................IDENT

Files "tests/src/file2" and "tests/dst/file2" are identical

********************************************************************************

Checking diff.........................................................IDENT

Checking md5..........................................................IDENT

Checking rights.......................................................IDENT

Checking user.........................................................IDENT

Checking group........................................................IDENT

Checking date.........................................................IDENT

Files "tests/src/file3" and "tests/dst/file3" are identical

********************************************************************************

Checking diff.........................................................IDENT

Checking md5..........................................................IDENT

Checking rights.......................................................IDENT

Checking user.........................................................IDENT

Checking group........................................................IDENT

Checking date.........................................................IDENT

Files "tests/src/log.txt" and "tests/dst/log.txt" are identical

********************************************************************************

Checking rights.......................................................IDENT

Checking user.........................................................IDENT

Checking group........................................................IDENT

Directories "tests/src/rep1" and "tests/dst/rep1" are identical

********************************************************************************

Checking rights.......................................................IDENT

Checking user.........................................................IDENT

Checking group........................................................IDENT

Directories "tests/src/rep1/rep11" and "tests/dst/rep1/rep11" are identical

********************************************************************************

Checking diff.........................................................IDENT

Checking md5..........................................................IDENT

Checking rights.......................................................IDENT

Checking user.........................................................IDENT

Checking group........................................................IDENT

Checking date.........................................................IDENT

Files "tests/src/rep1/rep11/file1" and "tests/dst/rep1/rep11/file1" are identical

********************************************************************************

Checking rights.......................................................IDENT

Checking user.........................................................IDENT

Checking group........................................................IDENT

Directories "tests/src/rep1/rep11/rep111" and "tests/dst/rep1/rep11/rep111" are identical

********************************************************************************

Checking diff.........................................................IDENT

Checking md5..........................................................IDENT

Checking rights.......................................................IDENT

Checking user.........................................................IDENT

Checking group........................................................IDENT

Checking date.........................................................IDENT

Files "tests/src/rep1/rep11/rep111/file1" and "tests/dst/rep1/rep11/rep111/file1" are identical

********************************************************************************

Checking rights.......................................................IDENT

Checking user.........................................................IDENT

Checking group........................................................IDENT

Directories "tests/src/rep2" and "tests/dst/rep2" are identical

********************************************************************************

Checking rights.......................................................IDENT

Checking user.........................................................IDENT

Checking group........................................................IDENT

Directories "tests/src/rep2/rep22" and "tests/dst/rep2/rep22" are identical

********************************************************************************

Checking diff.........................................................IDENT

Checking md5..........................................................IDENT

Checking rights.......................................................IDENT

Checking user.........................................................IDENT

Checking group........................................................IDENT

Checking date.........................................................IDENT

Files "tests/src/rep2/rep22/file1" and "tests/dst/rep2/rep22/file1" are identical

********************************************************************************

Checking rights.......................................................IDENT

Checking user.........................................................IDENT

Checking group........................................................IDENT

Directories "tests/src/rep3" and "tests/dst/rep3" are identical

********************************************************************************

Checking diff.........................................................IDENT

Checking md5..........................................................IDENT

Checking rights.......................................................IDENT

Checking user.........................................................IDENT

Checking group........................................................IDENT

Checking date.........................................................IDENT

Files "tests/src/rep3/file1" and "tests/dst/rep3/file1" are identical

********************************************************************************

Checking rights.......................................................IDENT

Checking user.........................................................IDENT

Checking group........................................................IDENT

Directories "tests/src/rep3/rep31" and "tests/dst/rep3/rep31" are identical

********************************************************************************

Checking diff.........................................................IDENT

Checking md5..........................................................IDENT

Checking rights.......................................................IDENT

Checking user.........................................................IDENT

Checking group........................................................IDENT

Checking date.........................................................IDENT

Files "tests/src/rep3/rep31/file1" and "tests/dst/rep3/rep31/file1" are identical

********************************************************************************

Checking diff.........................................................IDENT

Checking md5..........................................................IDENT

Checking rights.......................................................IDENT

Checking user.........................................................IDENT

Checking group........................................................IDENT

Checking date.........................................................IDENT

Files "tests/src/test.txt" and "tests/dst/test.txt" are identical

********************************************************************************

